

*******************************************************************************
Wed Jan 08 12:18:51 2014


FIT:    data read from "bleach5e-08__dg500to550_dr600to700__D30__cAB5_cA2.5_cB2.5__red_detection_bleach0_corr.dat"
        format = z
        #datapoints = 67
        residuals are weighted equally (unit weight)

function used for fitting: g(x, N, tauD, gamma, 1)
fitted parameters initialized with current variable values



 Iteration 0
 WSSR        : 7.93252           delta(WSSR)/WSSR   : 0
 delta(WSSR) : 0                 limit for stopping : 1e-005
 lambda	  : 590.36

initial set of free parameter values

N               = 1
tauD            = 0.0001
gamma           = 2.67889

After 20 iterations the fit converged.
final sum of squares of residuals : 0.0122258
rel. change during last iteration : -5.98782e-007

degrees of freedom    (FIT_NDF)                        : 64
rms of residuals      (FIT_STDFIT) = sqrt(WSSR/ndf)    : 0.0138213
variance of residuals (reduced chisquare) = WSSR/ndf   : 0.000191028

Final set of parameters            Asymptotic Standard Error
=======================            ==========================

N               = 1.08169          +/- 0.005339     (0.4936%)
tauD            = 0.00287996       +/- 6.712e-005   (2.33%)
gamma           = 7000.56          +/- 9.56e+008    (1.366e+007%)


correlation matrix of the fit parameters:

               N      tauD   gamma  
N               1.000 
tauD            0.668  1.000 
gamma          -0.159 -0.456  1.000 


*******************************************************************************
Wed Jan 08 12:18:51 2014


FIT:    data read from "bleach5e-08__dg500to550_dr600to700__D30__cAB5_cA2.5_cB2.5__red_detection_bleach0_corr.dat"
        format = z
        #datapoints = 67
        residuals are weighted equally (unit weight)

function used for fitting: g(x, Nf, tauDf, gammaf, 1)
fitted parameters initialized with current variable values



 Iteration 0
 WSSR        : 7.93252           delta(WSSR)/WSSR   : 0
 delta(WSSR) : 0                 limit for stopping : 1e-005
 lambda	  : 723.041

initial set of free parameter values

Nf              = 1
tauDf           = 0.0001

After 8 iterations the fit converged.
final sum of squares of residuals : 0.0250803
rel. change during last iteration : -6.90997e-010

degrees of freedom    (FIT_NDF)                        : 65
rms of residuals      (FIT_STDFIT) = sqrt(WSSR/ndf)    : 0.0196431
variance of residuals (reduced chisquare) = WSSR/ndf   : 0.000385851

Final set of parameters            Asymptotic Standard Error
=======================            ==========================

Nf              = 1.09243          +/- 0.007344     (0.6722%)
tauDf           = 0.00341951       +/- 9.562e-005   (2.796%)


correlation matrix of the fit parameters:

               Nf     tauDf  
Nf              1.000 
tauDf           0.652  1.000 


*******************************************************************************
Wed Jan 08 12:18:51 2014


FIT:    data read from "bleach5e-08__dg500to550_dr600to700__D30__cAB5_cA2.5_cB2.5__red_detection_bleach0_corr.dat"
        format = z
        #datapoints = 67
        residuals are weighted equally (unit weight)

function used for fitting: g(x, Na, tauDa, gammaa, alphaa)
fitted parameters initialized with current variable values



 Iteration 0
 WSSR        : 0.0250803         delta(WSSR)/WSSR   : 0
 delta(WSSR) : 0                 limit for stopping : 1e-005
 lambda	  : 19.1101

initial set of free parameter values

Na              = 1.09243
tauDa           = 0.00341951
alphaa          = 1

After 6 iterations the fit converged.
final sum of squares of residuals : 0.0172596
rel. change during last iteration : -2.66038e-006

degrees of freedom    (FIT_NDF)                        : 64
rms of residuals      (FIT_STDFIT) = sqrt(WSSR/ndf)    : 0.016422
variance of residuals (reduced chisquare) = WSSR/ndf   : 0.000269682

Final set of parameters            Asymptotic Standard Error
=======================            ==========================

Na              = 1.0558           +/- 0.00958      (0.9074%)
tauDa           = 0.00315652       +/- 9.995e-005   (3.167%)
alphaa          = 0.87596          +/- 0.02013      (2.298%)


correlation matrix of the fit parameters:

               Na     tauDa  alphaa 
Na              1.000 
tauDa           0.814  1.000 
alphaa          0.752  0.583  1.000 


*******************************************************************************
Wed Jan 08 12:18:54 2014


FIT:    data read from "bleach5e-08__dg500to550_dr600to700__D30__cAB5_cA2.5_cB2.5__red_detection_bleach0_corr.dat"
        format = z
        #datapoints = 67
        residuals are weighted equally (unit weight)

function used for fitting: g(x, Na, tauDa, gammaa, alphaa)
fitted parameters initialized with current variable values



 Iteration 0
 WSSR        : 0.0263648         delta(WSSR)/WSSR   : 0
 delta(WSSR) : 0                 limit for stopping : 1e-005
 lambda	  : 17.8716

initial set of free parameter values

Na              = 1.09243
tauDa           = 0.00341951
alphaa          = 0.87596

After 5 iterations the fit converged.
final sum of squares of residuals : 0.0172596
rel. change during last iteration : -6.42908e-008

degrees of freedom    (FIT_NDF)                        : 64
rms of residuals      (FIT_STDFIT) = sqrt(WSSR/ndf)    : 0.016422
variance of residuals (reduced chisquare) = WSSR/ndf   : 0.000269682

Final set of parameters            Asymptotic Standard Error
=======================            ==========================

Na              = 1.05579          +/- 0.009581     (0.9074%)
tauDa           = 0.00315648       +/- 9.996e-005   (3.167%)
alphaa          = 0.875929         +/- 0.02013      (2.298%)


correlation matrix of the fit parameters:

               Na     tauDa  alphaa 
Na              1.000 
tauDa           0.814  1.000 
alphaa          0.752  0.583  1.000 
